  [1m[35m (735.1ms)[0m  [1m[35mCREATE DATABASE "QNA_development" ENCODING = 'unicode'[0m
  ↳ /Users/ad1n0d1n/.rvm/gems/ruby-2.5.1@qna/bin/rake:23
  [1m[35m (517.4ms)[0m  [1m[35mCREATE DATABASE "QNA_test" ENCODING = 'unicode'[0m
  ↳ /Users/ad1n0d1n/.rvm/gems/ruby-2.5.1@qna/bin/rake:23
  [1m[35m (46.5ms)[0m  [1m[35mCREATE TABLE "schema_migrations" ("version" character varying NOT NULL PRIMARY KEY)[0m
  ↳ /Users/ad1n0d1n/.rvm/gems/ruby-2.5.1@qna/bin/rake:23
  [1m[35m (45.8ms)[0m  [1m[35mCREATE TABLE "ar_internal_metadata" ("key" character varying NOT NULL PRIMARY KEY, "value" character varying, "created_at" timestamp NOT NULL, "updated_at" timestamp NOT NULL)[0m
  ↳ /Users/ad1n0d1n/.rvm/gems/ruby-2.5.1@qna/bin/rake:23
  [1m[35m (4.0ms)[0m  [1m[34mSELECT pg_try_advisory_lock(8241218538496888245)[0m
  ↳ /Users/ad1n0d1n/.rvm/gems/ruby-2.5.1@qna/bin/rake:23
  [1m[35m (2.3ms)[0m  [1m[34mSELECT "schema_migrations"."version" FROM "schema_migrations" ORDER BY "schema_migrations"."version" ASC[0m
  ↳ /Users/ad1n0d1n/.rvm/gems/ruby-2.5.1@qna/bin/rake:23
Migrating to CreateQuestions (20181027090331)
  [1m[35m (0.3ms)[0m  [1m[35mBEGIN[0m
  ↳ /Users/ad1n0d1n/.rvm/gems/ruby-2.5.1@qna/bin/rake:23
  [1m[35m (42.6ms)[0m  [1m[35mCREATE TABLE "questions" ("id" bigserial primary key, "title" character varying, "body" text, "created_at" timestamp NOT NULL, "updated_at" timestamp NOT NULL)[0m
  ↳ db/migrate/20181027090331_create_questions.rb:3
  [1m[36mActiveRecord::SchemaMigration Create (2.4ms)[0m  [1m[32mINSERT INTO "schema_migrations" ("version") VALUES ($1) RETURNING "version"[0m  [["version", "20181027090331"]]
  ↳ /Users/ad1n0d1n/.rvm/gems/ruby-2.5.1@qna/bin/rake:23
  [1m[35m (2.0ms)[0m  [1m[35mCOMMIT[0m
  ↳ /Users/ad1n0d1n/.rvm/gems/ruby-2.5.1@qna/bin/rake:23
  [1m[36mActiveRecord::InternalMetadata Load (2.1ms)[0m  [1m[34mSELECT  "ar_internal_metadata".* FROM "ar_internal_metadata" WHERE "ar_internal_metadata"."key" = $1 LIMIT $2[0m  [["key", "environment"], ["LIMIT", 1]]
  ↳ /Users/ad1n0d1n/.rvm/gems/ruby-2.5.1@qna/bin/rake:23
  [1m[35m (0.2ms)[0m  [1m[35mBEGIN[0m
  ↳ /Users/ad1n0d1n/.rvm/gems/ruby-2.5.1@qna/bin/rake:23
  [1m[36mActiveRecord::InternalMetadata Create (0.6ms)[0m  [1m[32mINSERT INTO "ar_internal_metadata" ("key", "value", "created_at", "updated_at") VALUES ($1, $2, $3, $4) RETURNING "key"[0m  [["key", "environment"], ["value", "development"], ["created_at", "2018-10-27 09:04:08.588739"], ["updated_at", "2018-10-27 09:04:08.588739"]]
  ↳ /Users/ad1n0d1n/.rvm/gems/ruby-2.5.1@qna/bin/rake:23
  [1m[35m (1.2ms)[0m  [1m[35mCOMMIT[0m
  ↳ /Users/ad1n0d1n/.rvm/gems/ruby-2.5.1@qna/bin/rake:23
  [1m[35m (0.3ms)[0m  [1m[34mSELECT pg_advisory_unlock(8241218538496888245)[0m
  ↳ /Users/ad1n0d1n/.rvm/gems/ruby-2.5.1@qna/bin/rake:23
  [1m[35m (2.0ms)[0m  [1m[34mSELECT "schema_migrations"."version" FROM "schema_migrations" ORDER BY "schema_migrations"."version" ASC[0m
  ↳ /Users/ad1n0d1n/.rvm/gems/ruby-2.5.1@qna/bin/rake:23
  [1m[35m (0.2ms)[0m  [1m[34mSELECT pg_try_advisory_lock(8241218538496888245)[0m
  ↳ /Users/ad1n0d1n/.rvm/gems/ruby-2.5.1@qna/bin/rake:23
  [1m[35m (0.9ms)[0m  [1m[34mSELECT "schema_migrations"."version" FROM "schema_migrations" ORDER BY "schema_migrations"."version" ASC[0m
  ↳ /Users/ad1n0d1n/.rvm/gems/ruby-2.5.1@qna/bin/rake:23
Migrating to CreateAnswers (20181027092047)
  [1m[35m (0.3ms)[0m  [1m[35mBEGIN[0m
  ↳ /Users/ad1n0d1n/.rvm/gems/ruby-2.5.1@qna/bin/rake:23
  [1m[35m (49.1ms)[0m  [1m[35mCREATE TABLE "answers" ("id" bigserial primary key, "body" text, "created_at" timestamp NOT NULL, "updated_at" timestamp NOT NULL)[0m
  ↳ db/migrate/20181027092047_create_answers.rb:3
  [1m[36mActiveRecord::SchemaMigration Create (0.8ms)[0m  [1m[32mINSERT INTO "schema_migrations" ("version") VALUES ($1) RETURNING "version"[0m  [["version", "20181027092047"]]
  ↳ /Users/ad1n0d1n/.rvm/gems/ruby-2.5.1@qna/bin/rake:23
  [1m[35m (1.7ms)[0m  [1m[35mCOMMIT[0m
  ↳ /Users/ad1n0d1n/.rvm/gems/ruby-2.5.1@qna/bin/rake:23
  [1m[36mActiveRecord::InternalMetadata Load (0.5ms)[0m  [1m[34mSELECT  "ar_internal_metadata".* FROM "ar_internal_metadata" WHERE "ar_internal_metadata"."key" = $1 LIMIT $2[0m  [["key", "environment"], ["LIMIT", 1]]
  ↳ /Users/ad1n0d1n/.rvm/gems/ruby-2.5.1@qna/bin/rake:23
  [1m[35m (0.3ms)[0m  [1m[35mBEGIN[0m
  ↳ /Users/ad1n0d1n/.rvm/gems/ruby-2.5.1@qna/bin/rake:23
  [1m[35m (0.2ms)[0m  [1m[35mCOMMIT[0m
  ↳ /Users/ad1n0d1n/.rvm/gems/ruby-2.5.1@qna/bin/rake:23
  [1m[35m (0.4ms)[0m  [1m[34mSELECT pg_advisory_unlock(8241218538496888245)[0m
  ↳ /Users/ad1n0d1n/.rvm/gems/ruby-2.5.1@qna/bin/rake:23
  [1m[35m (0.3ms)[0m  [1m[34mSELECT "schema_migrations"."version" FROM "schema_migrations" ORDER BY "schema_migrations"."version" ASC[0m
  ↳ /Users/ad1n0d1n/.rvm/gems/ruby-2.5.1@qna/bin/rake:23
  [1m[35m (0.7ms)[0m  [1m[34mSELECT "schema_migrations"."version" FROM "schema_migrations" ORDER BY "schema_migrations"."version" ASC[0m
  ↳ /Users/ad1n0d1n/.rvm/gems/ruby-2.5.1@qna/bin/rake:23
  [1m[35m (0.3ms)[0m  [1m[34mSELECT "schema_migrations"."version" FROM "schema_migrations" ORDER BY "schema_migrations"."version" ASC[0m
  ↳ /Users/ad1n0d1n/.rvm/gems/ruby-2.5.1@qna/bin/rake:23
  [1m[35m (0.2ms)[0m  [1m[34mSELECT "schema_migrations"."version" FROM "schema_migrations" ORDER BY "schema_migrations"."version" ASC[0m
  ↳ /Users/ad1n0d1n/.rvm/gems/ruby-2.5.1@qna/bin/rake:23
  [1m[35m (0.2ms)[0m  [1m[34mSELECT pg_try_advisory_lock(8241218538496888245)[0m
  ↳ /Users/ad1n0d1n/.rvm/gems/ruby-2.5.1@qna/bin/rake:23
  [1m[35m (0.3ms)[0m  [1m[34mSELECT "schema_migrations"."version" FROM "schema_migrations" ORDER BY "schema_migrations"."version" ASC[0m
  ↳ /Users/ad1n0d1n/.rvm/gems/ruby-2.5.1@qna/bin/rake:23
Migrating to CreateAnswers (20181027092047)
  [1m[35m (0.2ms)[0m  [1m[35mBEGIN[0m
  ↳ /Users/ad1n0d1n/.rvm/gems/ruby-2.5.1@qna/bin/rake:23
  [1m[35m (47.7ms)[0m  [1m[35mDROP TABLE "answers"[0m
  ↳ /Users/ad1n0d1n/.rvm/gems/ruby-2.5.1@qna/bin/rake:23
  [1m[36mActiveRecord::SchemaMigration Destroy (1.4ms)[0m  [1m[31mDELETE FROM "schema_migrations" WHERE "schema_migrations"."version" = $1[0m  [["version", "20181027092047"]]
  ↳ /Users/ad1n0d1n/.rvm/gems/ruby-2.5.1@qna/bin/rake:23
  [1m[35m (6.7ms)[0m  [1m[35mCOMMIT[0m
  ↳ /Users/ad1n0d1n/.rvm/gems/ruby-2.5.1@qna/bin/rake:23
  [1m[35m (0.6ms)[0m  [1m[34mSELECT pg_advisory_unlock(8241218538496888245)[0m
  ↳ /Users/ad1n0d1n/.rvm/gems/ruby-2.5.1@qna/bin/rake:23
  [1m[35m (0.5ms)[0m  [1m[34mSELECT "schema_migrations"."version" FROM "schema_migrations" ORDER BY "schema_migrations"."version" ASC[0m
  ↳ /Users/ad1n0d1n/.rvm/gems/ruby-2.5.1@qna/bin/rake:23
  [1m[35m (0.3ms)[0m  [1m[34mSELECT pg_try_advisory_lock(8241218538496888245)[0m
  ↳ /Users/ad1n0d1n/.rvm/gems/ruby-2.5.1@qna/bin/rake:23
  [1m[35m (0.6ms)[0m  [1m[34mSELECT "schema_migrations"."version" FROM "schema_migrations" ORDER BY "schema_migrations"."version" ASC[0m
  ↳ /Users/ad1n0d1n/.rvm/gems/ruby-2.5.1@qna/bin/rake:23
Migrating to CreateAnswers (20181027092047)
  [1m[35m (0.2ms)[0m  [1m[35mBEGIN[0m
  ↳ /Users/ad1n0d1n/.rvm/gems/ruby-2.5.1@qna/bin/rake:23
  [1m[35m (46.1ms)[0m  [1m[35mCREATE TABLE "answers" ("id" bigserial primary key, "body" text, "question_id" bigint, "created_at" timestamp NOT NULL, "updated_at" timestamp NOT NULL)[0m
  ↳ db/migrate/20181027092047_create_answers.rb:3
  [1m[35m (2.4ms)[0m  [1m[35mCREATE  INDEX  "index_answers_on_question_id" ON "answers"  ("question_id")[0m
  ↳ db/migrate/20181027092047_create_answers.rb:3
  [1m[36mActiveRecord::SchemaMigration Create (0.4ms)[0m  [1m[32mINSERT INTO "schema_migrations" ("version") VALUES ($1) RETURNING "version"[0m  [["version", "20181027092047"]]
  ↳ /Users/ad1n0d1n/.rvm/gems/ruby-2.5.1@qna/bin/rake:23
  [1m[35m (1.5ms)[0m  [1m[35mCOMMIT[0m
  ↳ /Users/ad1n0d1n/.rvm/gems/ruby-2.5.1@qna/bin/rake:23
  [1m[36mActiveRecord::InternalMetadata Load (0.4ms)[0m  [1m[34mSELECT  "ar_internal_metadata".* FROM "ar_internal_metadata" WHERE "ar_internal_metadata"."key" = $1 LIMIT $2[0m  [["key", "environment"], ["LIMIT", 1]]
  ↳ /Users/ad1n0d1n/.rvm/gems/ruby-2.5.1@qna/bin/rake:23
  [1m[35m (0.2ms)[0m  [1m[35mBEGIN[0m
  ↳ /Users/ad1n0d1n/.rvm/gems/ruby-2.5.1@qna/bin/rake:23
  [1m[35m (0.1ms)[0m  [1m[35mCOMMIT[0m
  ↳ /Users/ad1n0d1n/.rvm/gems/ruby-2.5.1@qna/bin/rake:23
  [1m[35m (0.2ms)[0m  [1m[34mSELECT pg_advisory_unlock(8241218538496888245)[0m
  ↳ /Users/ad1n0d1n/.rvm/gems/ruby-2.5.1@qna/bin/rake:23
  [1m[35m (0.3ms)[0m  [1m[34mSELECT "schema_migrations"."version" FROM "schema_migrations" ORDER BY "schema_migrations"."version" ASC[0m
  ↳ /Users/ad1n0d1n/.rvm/gems/ruby-2.5.1@qna/bin/rake:23
  [1m[35m (23.5ms)[0m  [1m[34mSELECT "schema_migrations"."version" FROM "schema_migrations" ORDER BY "schema_migrations"."version" ASC[0m
  ↳ /Users/ad1n0d1n/.rvm/gems/ruby-2.5.1@qna/bin/rake:23
  [1m[35m (3.4ms)[0m  [1m[34mSELECT COUNT(*) FROM "answers"[0m
  [1m[35m (0.2ms)[0m  [1m[35mBEGIN[0m
  [1m[36mQuestion Create (43.9ms)[0m  [1m[32mINSERT INTO "questions" ("title", "body", "created_at", "updated_at") VALUES ($1, $2, $3, $4) RETURNING "id"[0m  [["title", "test title"], ["body", "test body"], ["created_at", "2018-10-27 09:49:27.905536"], ["updated_at", "2018-10-27 09:49:27.905536"]]
  [1m[35m (40.9ms)[0m  [1m[35mCOMMIT[0m
  [1m[36mQuestion Load (1.4ms)[0m  [1m[34mSELECT  "questions".* FROM "questions" ORDER BY "questions"."id" ASC LIMIT $1[0m  [["LIMIT", 1]]
  [1m[36mAnswer Load (0.5ms)[0m  [1m[34mSELECT  "answers".* FROM "answers" WHERE "answers"."question_id" = $1 LIMIT $2[0m  [["question_id", 1], ["LIMIT", 11]]
  [1m[35m (2.1ms)[0m  [1m[35mCREATE DATABASE "QNA_development" ENCODING = 'unicode'[0m
  ↳ /Users/ad1n0d1n/.rvm/gems/ruby-2.5.1@qna/bin/rake:23
  [1m[35m (0.7ms)[0m  [1m[35mCREATE DATABASE "QNA_test" ENCODING = 'unicode'[0m
  ↳ /Users/ad1n0d1n/.rvm/gems/ruby-2.5.1@qna/bin/rake:23
  [1m[35m (17.3ms)[0m  [1m[34mSELECT "schema_migrations"."version" FROM "schema_migrations" ORDER BY "schema_migrations"."version" ASC[0m
  ↳ /Users/ad1n0d1n/.rvm/gems/ruby-2.5.1@qna/bin/rake:23
  [1m[35m (1.0ms)[0m  [1m[34mSELECT "ar_internal_metadata"."value" FROM "ar_internal_metadata" WHERE "ar_internal_metadata"."key" = $1[0m  [["key", "environment"]]
  ↳ /Users/ad1n0d1n/.rvm/gems/ruby-2.5.1@qna/bin/rake:23
  [1m[35m (0.7ms)[0m  [1m[34mSELECT "schema_migrations"."version" FROM "schema_migrations" ORDER BY "schema_migrations"."version" ASC[0m
  ↳ /Users/ad1n0d1n/.rvm/gems/ruby-2.5.1@qna/bin/rake:23
  [1m[35m (0.4ms)[0m  [1m[34mSELECT "ar_internal_metadata"."value" FROM "ar_internal_metadata" WHERE "ar_internal_metadata"."key" = $1[0m  [["key", "environment"]]
  ↳ /Users/ad1n0d1n/.rvm/gems/ruby-2.5.1@qna/bin/rake:23
  [1m[35m (0.5ms)[0m  [1m[34mSELECT "schema_migrations"."version" FROM "schema_migrations" ORDER BY "schema_migrations"."version" ASC[0m
  ↳ /Users/ad1n0d1n/.rvm/gems/ruby-2.5.1@qna/bin/rake:23
  [1m[35m (0.4ms)[0m  [1m[34mSELECT "ar_internal_metadata"."value" FROM "ar_internal_metadata" WHERE "ar_internal_metadata"."key" = $1[0m  [["key", "environment"]]
  ↳ /Users/ad1n0d1n/.rvm/gems/ruby-2.5.1@qna/bin/rake:23
  [1m[35mSQL (2.3ms)[0m  [1m[35mCREATE EXTENSION IF NOT EXISTS "plpgsql"[0m
  ↳ db/schema.rb:16
  [1m[35m (11.8ms)[0m  [1m[35mDROP TABLE IF EXISTS "answers" CASCADE[0m
  ↳ db/schema.rb:18
  [1m[35m (22.1ms)[0m  [1m[35mCREATE TABLE "answers" ("id" bigserial primary key, "body" text, "question_id" bigint, "created_at" timestamp NOT NULL, "updated_at" timestamp NOT NULL)[0m
  ↳ db/schema.rb:18
  [1m[35m (4.2ms)[0m  [1m[35mCREATE  INDEX  "index_answers_on_question_id" ON "answers"  ("question_id")[0m
  ↳ db/schema.rb:18
  [1m[35m (5.8ms)[0m  [1m[35mDROP TABLE IF EXISTS "questions" CASCADE[0m
  ↳ db/schema.rb:26
  [1m[35m (10.3ms)[0m  [1m[35mCREATE TABLE "questions" ("id" bigserial primary key, "title" character varying, "body" text, "created_at" timestamp NOT NULL, "updated_at" timestamp NOT NULL)[0m
  ↳ db/schema.rb:26
  [1m[35m (0.9ms)[0m  [1m[34mSELECT "schema_migrations"."version" FROM "schema_migrations" ORDER BY "schema_migrations"."version" ASC[0m
  ↳ db/schema.rb:13
  [1m[36mActiveRecord::InternalMetadata Load (0.4ms)[0m  [1m[34mSELECT  "ar_internal_metadata".* FROM "ar_internal_metadata" WHERE "ar_internal_metadata"."key" = $1 LIMIT $2[0m  [["key", "environment"], ["LIMIT", 1]]
  ↳ db/schema.rb:13
  [1m[35m (0.2ms)[0m  [1m[35mBEGIN[0m
  ↳ db/schema.rb:13
  [1m[35m (0.2ms)[0m  [1m[35mCOMMIT[0m
  ↳ db/schema.rb:13
  [1m[36mActiveRecord::InternalMetadata Load (0.3ms)[0m  [1m[34mSELECT  "ar_internal_metadata".* FROM "ar_internal_metadata" WHERE "ar_internal_metadata"."key" = $1 LIMIT $2[0m  [["key", "environment"], ["LIMIT", 1]]
  ↳ /Users/ad1n0d1n/.rvm/gems/ruby-2.5.1@qna/bin/rake:23
  [1m[35m (0.1ms)[0m  [1m[35mBEGIN[0m
  ↳ /Users/ad1n0d1n/.rvm/gems/ruby-2.5.1@qna/bin/rake:23
  [1m[35m (0.1ms)[0m  [1m[35mCOMMIT[0m
  ↳ /Users/ad1n0d1n/.rvm/gems/ruby-2.5.1@qna/bin/rake:23
  [1m[35mSQL (0.3ms)[0m  [1m[35mCREATE EXTENSION IF NOT EXISTS "plpgsql"[0m
  ↳ db/schema.rb:16
  [1m[35m (32.6ms)[0m  [1m[35mDROP TABLE IF EXISTS "answers" CASCADE[0m
  ↳ db/schema.rb:18
  [1m[35m (18.3ms)[0m  [1m[35mCREATE TABLE "answers" ("id" bigserial primary key, "body" text, "question_id" bigint, "created_at" timestamp NOT NULL, "updated_at" timestamp NOT NULL)[0m
  ↳ db/schema.rb:18
  [1m[35m (2.1ms)[0m  [1m[35mCREATE  INDEX  "index_answers_on_question_id" ON "answers"  ("question_id")[0m
  ↳ db/schema.rb:18
  [1m[35m (4.7ms)[0m  [1m[35mDROP TABLE IF EXISTS "questions" CASCADE[0m
  ↳ db/schema.rb:26
  [1m[35m (12.2ms)[0m  [1m[35mCREATE TABLE "questions" ("id" bigserial primary key, "title" character varying, "body" text, "created_at" timestamp NOT NULL, "updated_at" timestamp NOT NULL)[0m
  ↳ db/schema.rb:26
  [1m[35m (1.0ms)[0m  [1m[34mSELECT "schema_migrations"."version" FROM "schema_migrations" ORDER BY "schema_migrations"."version" ASC[0m
  ↳ db/schema.rb:13
  [1m[36mActiveRecord::InternalMetadata Load (0.8ms)[0m  [1m[34mSELECT  "ar_internal_metadata".* FROM "ar_internal_metadata" WHERE "ar_internal_metadata"."key" = $1 LIMIT $2[0m  [["key", "environment"], ["LIMIT", 1]]
  ↳ db/schema.rb:13
  [1m[35m (0.2ms)[0m  [1m[35mBEGIN[0m
  ↳ db/schema.rb:13
  [1m[36mActiveRecord::InternalMetadata Update (0.5ms)[0m  [1m[33mUPDATE "ar_internal_metadata" SET "value" = $1, "updated_at" = $2 WHERE "ar_internal_metadata"."key" = $3[0m  [["value", "development"], ["updated_at", "2018-10-27 10:27:18.578270"], ["key", "environment"]]
  ↳ db/schema.rb:13
  [1m[35m (41.6ms)[0m  [1m[35mCOMMIT[0m
  ↳ db/schema.rb:13
  [1m[36mActiveRecord::InternalMetadata Load (0.6ms)[0m  [1m[34mSELECT  "ar_internal_metadata".* FROM "ar_internal_metadata" WHERE "ar_internal_metadata"."key" = $1 LIMIT $2[0m  [["key", "environment"], ["LIMIT", 1]]
  ↳ /Users/ad1n0d1n/.rvm/gems/ruby-2.5.1@qna/bin/rake:23
  [1m[35m (0.3ms)[0m  [1m[35mBEGIN[0m
  ↳ /Users/ad1n0d1n/.rvm/gems/ruby-2.5.1@qna/bin/rake:23
  [1m[36mActiveRecord::InternalMetadata Update (0.7ms)[0m  [1m[33mUPDATE "ar_internal_metadata" SET "value" = $1, "updated_at" = $2 WHERE "ar_internal_metadata"."key" = $3[0m  [["value", "test"], ["updated_at", "2018-10-27 10:27:18.627396"], ["key", "environment"]]
  ↳ /Users/ad1n0d1n/.rvm/gems/ruby-2.5.1@qna/bin/rake:23
  [1m[35m (1.4ms)[0m  [1m[35mCOMMIT[0m
  ↳ /Users/ad1n0d1n/.rvm/gems/ruby-2.5.1@qna/bin/rake:23
  [1m[35m (0.7ms)[0m  [1m[34mSELECT "schema_migrations"."version" FROM "schema_migrations" ORDER BY "schema_migrations"."version" ASC[0m
  ↳ /Users/ad1n0d1n/.rvm/gems/ruby-2.5.1@qna/bin/rake:23
  [1m[35m (0.7ms)[0m  [1m[34mSELECT "schema_migrations"."version" FROM "schema_migrations" ORDER BY "schema_migrations"."version" ASC[0m
  ↳ /Users/ad1n0d1n/.rvm/gems/ruby-2.5.1@qna/bin/rake:23
  [1m[35m (0.4ms)[0m  [1m[34mSELECT "schema_migrations"."version" FROM "schema_migrations" ORDER BY "schema_migrations"."version" ASC[0m
  ↳ /Users/ad1n0d1n/.rvm/gems/ruby-2.5.1@qna/bin/rake:23
  [1m[35m (0.3ms)[0m  [1m[34mSELECT "schema_migrations"."version" FROM "schema_migrations" ORDER BY "schema_migrations"."version" ASC[0m
  ↳ /Users/ad1n0d1n/.rvm/gems/ruby-2.5.1@qna/bin/rake:23
  [1m[35m (0.3ms)[0m  [1m[34mSELECT pg_try_advisory_lock(8241218538496888245)[0m
  ↳ /Users/ad1n0d1n/.rvm/gems/ruby-2.5.1@qna/bin/rake:23
  [1m[35m (0.3ms)[0m  [1m[34mSELECT "schema_migrations"."version" FROM "schema_migrations" ORDER BY "schema_migrations"."version" ASC[0m
  ↳ /Users/ad1n0d1n/.rvm/gems/ruby-2.5.1@qna/bin/rake:23
Migrating to CreateAnswers (20181027092047)
  [1m[35m (0.2ms)[0m  [1m[35mBEGIN[0m
  ↳ /Users/ad1n0d1n/.rvm/gems/ruby-2.5.1@qna/bin/rake:23
  [1m[35m (1.6ms)[0m  [1m[35mDROP TABLE "answers"[0m
  ↳ /Users/ad1n0d1n/.rvm/gems/ruby-2.5.1@qna/bin/rake:23
  [1m[36mActiveRecord::SchemaMigration Destroy (0.5ms)[0m  [1m[31mDELETE FROM "schema_migrations" WHERE "schema_migrations"."version" = $1[0m  [["version", "20181027092047"]]
  ↳ /Users/ad1n0d1n/.rvm/gems/ruby-2.5.1@qna/bin/rake:23
  [1m[35m (50.8ms)[0m  [1m[35mCOMMIT[0m
  ↳ /Users/ad1n0d1n/.rvm/gems/ruby-2.5.1@qna/bin/rake:23
  [1m[35m (0.3ms)[0m  [1m[34mSELECT pg_advisory_unlock(8241218538496888245)[0m
  ↳ /Users/ad1n0d1n/.rvm/gems/ruby-2.5.1@qna/bin/rake:23
  [1m[35m (0.8ms)[0m  [1m[34mSELECT "schema_migrations"."version" FROM "schema_migrations" ORDER BY "schema_migrations"."version" ASC[0m
  ↳ /Users/ad1n0d1n/.rvm/gems/ruby-2.5.1@qna/bin/rake:23
  [1m[35m (0.7ms)[0m  [1m[34mSELECT "schema_migrations"."version" FROM "schema_migrations" ORDER BY "schema_migrations"."version" ASC[0m
  ↳ /Users/ad1n0d1n/.rvm/gems/ruby-2.5.1@qna/bin/rake:23
  [1m[35m (0.2ms)[0m  [1m[34mSELECT "schema_migrations"."version" FROM "schema_migrations" ORDER BY "schema_migrations"."version" ASC[0m
  ↳ /Users/ad1n0d1n/.rvm/gems/ruby-2.5.1@qna/bin/rake:23
  [1m[35m (0.3ms)[0m  [1m[34mSELECT "schema_migrations"."version" FROM "schema_migrations" ORDER BY "schema_migrations"."version" ASC[0m
  ↳ /Users/ad1n0d1n/.rvm/gems/ruby-2.5.1@qna/bin/rake:23
  [1m[35m (0.2ms)[0m  [1m[34mSELECT pg_try_advisory_lock(8241218538496888245)[0m
  ↳ /Users/ad1n0d1n/.rvm/gems/ruby-2.5.1@qna/bin/rake:23
  [1m[35m (0.3ms)[0m  [1m[34mSELECT "schema_migrations"."version" FROM "schema_migrations" ORDER BY "schema_migrations"."version" ASC[0m
  ↳ /Users/ad1n0d1n/.rvm/gems/ruby-2.5.1@qna/bin/rake:23
Migrating to CreateQuestions (20181027090331)
  [1m[35m (0.2ms)[0m  [1m[35mBEGIN[0m
  ↳ /Users/ad1n0d1n/.rvm/gems/ruby-2.5.1@qna/bin/rake:23
  [1m[35m (1.8ms)[0m  [1m[35mDROP TABLE "questions"[0m
  ↳ /Users/ad1n0d1n/.rvm/gems/ruby-2.5.1@qna/bin/rake:23
  [1m[36mActiveRecord::SchemaMigration Destroy (0.5ms)[0m  [1m[31mDELETE FROM "schema_migrations" WHERE "schema_migrations"."version" = $1[0m  [["version", "20181027090331"]]
  ↳ /Users/ad1n0d1n/.rvm/gems/ruby-2.5.1@qna/bin/rake:23
  [1m[35m (45.4ms)[0m  [1m[35mCOMMIT[0m
  ↳ /Users/ad1n0d1n/.rvm/gems/ruby-2.5.1@qna/bin/rake:23
  [1m[35m (0.4ms)[0m  [1m[34mSELECT pg_advisory_unlock(8241218538496888245)[0m
  ↳ /Users/ad1n0d1n/.rvm/gems/ruby-2.5.1@qna/bin/rake:23
  [1m[35m (0.3ms)[0m  [1m[34mSELECT "schema_migrations"."version" FROM "schema_migrations" ORDER BY "schema_migrations"."version" ASC[0m
  ↳ /Users/ad1n0d1n/.rvm/gems/ruby-2.5.1@qna/bin/rake:23
  [1m[35m (0.7ms)[0m  [1m[34mSELECT "schema_migrations"."version" FROM "schema_migrations" ORDER BY "schema_migrations"."version" ASC[0m
  ↳ /Users/ad1n0d1n/.rvm/gems/ruby-2.5.1@qna/bin/rake:23
  [1m[35m (0.2ms)[0m  [1m[34mSELECT "schema_migrations"."version" FROM "schema_migrations" ORDER BY "schema_migrations"."version" ASC[0m
  ↳ /Users/ad1n0d1n/.rvm/gems/ruby-2.5.1@qna/bin/rake:23
  [1m[35m (0.3ms)[0m  [1m[34mSELECT pg_try_advisory_lock(8241218538496888245)[0m
  ↳ /Users/ad1n0d1n/.rvm/gems/ruby-2.5.1@qna/bin/rake:23
  [1m[35m (0.3ms)[0m  [1m[34mSELECT "schema_migrations"."version" FROM "schema_migrations" ORDER BY "schema_migrations"."version" ASC[0m
  ↳ /Users/ad1n0d1n/.rvm/gems/ruby-2.5.1@qna/bin/rake:23
  [1m[35m (0.3ms)[0m  [1m[34mSELECT pg_advisory_unlock(8241218538496888245)[0m
  ↳ /Users/ad1n0d1n/.rvm/gems/ruby-2.5.1@qna/bin/rake:23
  [1m[35m (0.2ms)[0m  [1m[34mSELECT "schema_migrations"."version" FROM "schema_migrations" ORDER BY "schema_migrations"."version" ASC[0m
  ↳ /Users/ad1n0d1n/.rvm/gems/ruby-2.5.1@qna/bin/rake:23
  [1m[35m (3.0ms)[0m  [1m[35mCREATE DATABASE "QNA_development" ENCODING = 'unicode'[0m
  ↳ /Users/ad1n0d1n/.rvm/gems/ruby-2.5.1@qna/bin/rake:23
  [1m[35m (1.6ms)[0m  [1m[35mCREATE DATABASE "QNA_test" ENCODING = 'unicode'[0m
  ↳ /Users/ad1n0d1n/.rvm/gems/ruby-2.5.1@qna/bin/rake:23
  [1m[35m (0.6ms)[0m  [1m[34mSELECT "schema_migrations"."version" FROM "schema_migrations" ORDER BY "schema_migrations"."version" ASC[0m
  ↳ bin/rails:9
  [1m[35m (0.3ms)[0m  [1m[34mSELECT "schema_migrations"."version" FROM "schema_migrations" ORDER BY "schema_migrations"."version" ASC[0m
  ↳ bin/rails:9
  [1m[35m (262.0ms)[0m  [1m[35mDROP DATABASE IF EXISTS "QNA_development"[0m
  ↳ bin/rails:9
  [1m[35m (247.6ms)[0m  [1m[35mDROP DATABASE IF EXISTS "QNA_test"[0m
  ↳ bin/rails:9
  [1m[35m (584.0ms)[0m  [1m[35mCREATE DATABASE "QNA_development" ENCODING = 'unicode'[0m
  ↳ bin/rails:9
  [1m[35m (460.6ms)[0m  [1m[35mCREATE DATABASE "QNA_test" ENCODING = 'unicode'[0m
  ↳ bin/rails:9
  [1m[35mSQL (0.4ms)[0m  [1m[35mCREATE EXTENSION IF NOT EXISTS "plpgsql"[0m
  ↳ db/schema.rb:16
  [1m[35m (8.6ms)[0m  [1m[35mCREATE TABLE "schema_migrations" ("version" character varying NOT NULL PRIMARY KEY)[0m
  ↳ db/schema.rb:13
  [1m[35m (1.0ms)[0m  [1m[34mSELECT "schema_migrations"."version" FROM "schema_migrations" ORDER BY "schema_migrations"."version" ASC[0m
  ↳ db/schema.rb:13
  [1m[35m (1.8ms)[0m  [1m[32mINSERT INTO "schema_migrations" (version) VALUES (0)[0m
  ↳ db/schema.rb:13
  [1m[35m (46.2ms)[0m  [1m[35mCREATE TABLE "ar_internal_metadata" ("key" character varying NOT NULL PRIMARY KEY, "value" character varying, "created_at" timestamp NOT NULL, "updated_at" timestamp NOT NULL)[0m
  ↳ db/schema.rb:13
  [1m[36mActiveRecord::InternalMetadata Load (0.9ms)[0m  [1m[34mSELECT  "ar_internal_metadata".* FROM "ar_internal_metadata" WHERE "ar_internal_metadata"."key" = $1 LIMIT $2[0m  [["key", "environment"], ["LIMIT", 1]]
  ↳ db/schema.rb:13
  [1m[35m (0.3ms)[0m  [1m[35mBEGIN[0m
  ↳ db/schema.rb:13
  [1m[36mActiveRecord::InternalMetadata Create (0.9ms)[0m  [1m[32mINSERT INTO "ar_internal_metadata" ("key", "value", "created_at", "updated_at") VALUES ($1, $2, $3, $4) RETURNING "key"[0m  [["key", "environment"], ["value", "development"], ["created_at", "2018-10-27 10:52:14.698960"], ["updated_at", "2018-10-27 10:52:14.698960"]]
  ↳ db/schema.rb:13
  [1m[35m (40.8ms)[0m  [1m[35mCOMMIT[0m
  ↳ db/schema.rb:13
  [1m[36mActiveRecord::InternalMetadata Load (0.5ms)[0m  [1m[34mSELECT  "ar_internal_metadata".* FROM "ar_internal_metadata" WHERE "ar_internal_metadata"."key" = $1 LIMIT $2[0m  [["key", "environment"], ["LIMIT", 1]]
  ↳ bin/rails:9
  [1m[35m (0.5ms)[0m  [1m[35mBEGIN[0m
  ↳ bin/rails:9
  [1m[35m (0.3ms)[0m  [1m[35mCOMMIT[0m
  ↳ bin/rails:9
  [1m[35mSQL (0.4ms)[0m  [1m[35mCREATE EXTENSION IF NOT EXISTS "plpgsql"[0m
  ↳ db/schema.rb:16
  [1m[35m (13.0ms)[0m  [1m[35mCREATE TABLE "schema_migrations" ("version" character varying NOT NULL PRIMARY KEY)[0m
  ↳ db/schema.rb:13
  [1m[35m (0.8ms)[0m  [1m[34mSELECT "schema_migrations"."version" FROM "schema_migrations" ORDER BY "schema_migrations"."version" ASC[0m
  ↳ db/schema.rb:13
  [1m[35m (1.6ms)[0m  [1m[32mINSERT INTO "schema_migrations" (version) VALUES (0)[0m
  ↳ db/schema.rb:13
  [1m[35m (7.0ms)[0m  [1m[35mCREATE TABLE "ar_internal_metadata" ("key" character varying NOT NULL PRIMARY KEY, "value" character varying, "created_at" timestamp NOT NULL, "updated_at" timestamp NOT NULL)[0m
  ↳ db/schema.rb:13
  [1m[36mActiveRecord::InternalMetadata Load (0.5ms)[0m  [1m[34mSELECT  "ar_internal_metadata".* FROM "ar_internal_metadata" WHERE "ar_internal_metadata"."key" = $1 LIMIT $2[0m  [["key", "environment"], ["LIMIT", 1]]
  ↳ db/schema.rb:13
  [1m[35m (0.2ms)[0m  [1m[35mBEGIN[0m
  ↳ db/schema.rb:13
  [1m[36mActiveRecord::InternalMetadata Create (0.6ms)[0m  [1m[32mINSERT INTO "ar_internal_metadata" ("key", "value", "created_at", "updated_at") VALUES ($1, $2, $3, $4) RETURNING "key"[0m  [["key", "environment"], ["value", "development"], ["created_at", "2018-10-27 10:52:14.857329"], ["updated_at", "2018-10-27 10:52:14.857329"]]
  ↳ db/schema.rb:13
  [1m[35m (1.5ms)[0m  [1m[35mCOMMIT[0m
  ↳ db/schema.rb:13
  [1m[36mActiveRecord::InternalMetadata Load (0.3ms)[0m  [1m[34mSELECT  "ar_internal_metadata".* FROM "ar_internal_metadata" WHERE "ar_internal_metadata"."key" = $1 LIMIT $2[0m  [["key", "environment"], ["LIMIT", 1]]
  ↳ bin/rails:9
  [1m[35m (0.1ms)[0m  [1m[35mBEGIN[0m
  ↳ bin/rails:9
  [1m[36mActiveRecord::InternalMetadata Update (0.4ms)[0m  [1m[33mUPDATE "ar_internal_metadata" SET "value" = $1, "updated_at" = $2 WHERE "ar_internal_metadata"."key" = $3[0m  [["value", "test"], ["updated_at", "2018-10-27 10:52:14.863337"], ["key", "environment"]]
  ↳ bin/rails:9
  [1m[35m (1.3ms)[0m  [1m[35mCOMMIT[0m
  ↳ bin/rails:9
  [1m[35m (0.9ms)[0m  [1m[34mSELECT "schema_migrations"."version" FROM "schema_migrations" ORDER BY "schema_migrations"."version" ASC[0m
  ↳ bin/rails:9
  [1m[35m (0.2ms)[0m  [1m[34mSELECT pg_try_advisory_lock(8241218538496888245)[0m
  ↳ bin/rails:9
  [1m[35m (2.9ms)[0m  [1m[34mSELECT "schema_migrations"."version" FROM "schema_migrations" ORDER BY "schema_migrations"."version" ASC[0m
  ↳ bin/rails:9
  [1m[35m (0.3ms)[0m  [1m[34mSELECT pg_advisory_unlock(8241218538496888245)[0m
  ↳ bin/rails:9
  [1m[35m (398.7ms)[0m  [1m[35mCREATE DATABASE "qna_development" ENCODING = 'unicode'[0m
  ↳ bin/rails:9
  [1m[35m (443.8ms)[0m  [1m[35mCREATE DATABASE "qna_test" ENCODING = 'unicode'[0m
  ↳ bin/rails:9
  [1m[35mSQL (0.5ms)[0m  [1m[35mCREATE EXTENSION IF NOT EXISTS "plpgsql"[0m
  ↳ db/schema.rb:16
  [1m[35m (11.2ms)[0m  [1m[35mCREATE TABLE "schema_migrations" ("version" character varying NOT NULL PRIMARY KEY)[0m
  ↳ db/schema.rb:13
  [1m[35m (0.6ms)[0m  [1m[34mSELECT "schema_migrations"."version" FROM "schema_migrations" ORDER BY "schema_migrations"."version" ASC[0m
  ↳ db/schema.rb:13
  [1m[35m (1.6ms)[0m  [1m[32mINSERT INTO "schema_migrations" (version) VALUES (0)[0m
  ↳ db/schema.rb:13
  [1m[35m (5.1ms)[0m  [1m[35mCREATE TABLE "ar_internal_metadata" ("key" character varying NOT NULL PRIMARY KEY, "value" character varying, "created_at" timestamp NOT NULL, "updated_at" timestamp NOT NULL)[0m
  ↳ db/schema.rb:13
  [1m[36mActiveRecord::InternalMetadata Load (0.4ms)[0m  [1m[34mSELECT  "ar_internal_metadata".* FROM "ar_internal_metadata" WHERE "ar_internal_metadata"."key" = $1 LIMIT $2[0m  [["key", "environment"], ["LIMIT", 1]]
  ↳ db/schema.rb:13
  [1m[35m (0.3ms)[0m  [1m[35mBEGIN[0m
  ↳ db/schema.rb:13
  [1m[36mActiveRecord::InternalMetadata Create (0.7ms)[0m  [1m[32mINSERT INTO "ar_internal_metadata" ("key", "value", "created_at", "updated_at") VALUES ($1, $2, $3, $4) RETURNING "key"[0m  [["key", "environment"], ["value", "development"], ["created_at", "2018-10-27 15:20:00.739853"], ["updated_at", "2018-10-27 15:20:00.739853"]]
  ↳ db/schema.rb:13
  [1m[35m (1.5ms)[0m  [1m[35mCOMMIT[0m
  ↳ db/schema.rb:13
  [1m[36mActiveRecord::InternalMetadata Load (0.3ms)[0m  [1m[34mSELECT  "ar_internal_metadata".* FROM "ar_internal_metadata" WHERE "ar_internal_metadata"."key" = $1 LIMIT $2[0m  [["key", "environment"], ["LIMIT", 1]]
  ↳ bin/rails:9
  [1m[35m (0.2ms)[0m  [1m[35mBEGIN[0m
  ↳ bin/rails:9
  [1m[35m (0.1ms)[0m  [1m[35mCOMMIT[0m
  ↳ bin/rails:9
  [1m[35mSQL (0.6ms)[0m  [1m[35mCREATE EXTENSION IF NOT EXISTS "plpgsql"[0m
  ↳ db/schema.rb:16
  [1m[35m (8.1ms)[0m  [1m[35mCREATE TABLE "schema_migrations" ("version" character varying NOT NULL PRIMARY KEY)[0m
  ↳ db/schema.rb:13
  [1m[35m (0.9ms)[0m  [1m[34mSELECT "schema_migrations"."version" FROM "schema_migrations" ORDER BY "schema_migrations"."version" ASC[0m
  ↳ db/schema.rb:13
  [1m[35m (1.6ms)[0m  [1m[32mINSERT INTO "schema_migrations" (version) VALUES (0)[0m
  ↳ db/schema.rb:13
  [1m[35m (6.5ms)[0m  [1m[35mCREATE TABLE "ar_internal_metadata" ("key" character varying NOT NULL PRIMARY KEY, "value" character varying, "created_at" timestamp NOT NULL, "updated_at" timestamp NOT NULL)[0m
  ↳ db/schema.rb:13
  [1m[36mActiveRecord::InternalMetadata Load (0.5ms)[0m  [1m[34mSELECT  "ar_internal_metadata".* FROM "ar_internal_metadata" WHERE "ar_internal_metadata"."key" = $1 LIMIT $2[0m  [["key", "environment"], ["LIMIT", 1]]
  ↳ db/schema.rb:13
  [1m[35m (0.2ms)[0m  [1m[35mBEGIN[0m
  ↳ db/schema.rb:13
  [1m[36mActiveRecord::InternalMetadata Create (0.5ms)[0m  [1m[32mINSERT INTO "ar_internal_metadata" ("key", "value", "created_at", "updated_at") VALUES ($1, $2, $3, $4) RETURNING "key"[0m  [["key", "environment"], ["value", "development"], ["created_at", "2018-10-27 15:20:00.834787"], ["updated_at", "2018-10-27 15:20:00.834787"]]
  ↳ db/schema.rb:13
  [1m[35m (1.5ms)[0m  [1m[35mCOMMIT[0m
  ↳ db/schema.rb:13
  [1m[36mActiveRecord::InternalMetadata Load (0.3ms)[0m  [1m[34mSELECT  "ar_internal_metadata".* FROM "ar_internal_metadata" WHERE "ar_internal_metadata"."key" = $1 LIMIT $2[0m  [["key", "environment"], ["LIMIT", 1]]
  ↳ bin/rails:9
  [1m[35m (0.2ms)[0m  [1m[35mBEGIN[0m
  ↳ bin/rails:9
  [1m[36mActiveRecord::InternalMetadata Update (0.4ms)[0m  [1m[33mUPDATE "ar_internal_metadata" SET "value" = $1, "updated_at" = $2 WHERE "ar_internal_metadata"."key" = $3[0m  [["value", "test"], ["updated_at", "2018-10-27 15:20:00.839853"], ["key", "environment"]]
  ↳ bin/rails:9
  [1m[35m (1.3ms)[0m  [1m[35mCOMMIT[0m
  ↳ bin/rails:9
  [1m[35m (0.7ms)[0m  [1m[34mSELECT "schema_migrations"."version" FROM "schema_migrations" ORDER BY "schema_migrations"."version" ASC[0m
  ↳ bin/rails:9
  [1m[35m (0.2ms)[0m  [1m[34mSELECT pg_try_advisory_lock(892715755267202370)[0m
  ↳ bin/rails:9
  [1m[35m (0.7ms)[0m  [1m[34mSELECT "schema_migrations"."version" FROM "schema_migrations" ORDER BY "schema_migrations"."version" ASC[0m
  ↳ bin/rails:9
Migrating to CreateQuestions (20181027090331)
  [1m[35m (0.3ms)[0m  [1m[35mBEGIN[0m
  ↳ bin/rails:9
  [1m[35m (47.0ms)[0m  [1m[35mCREATE TABLE "questions" ("id" bigserial primary key, "title" character varying, "body" text, "created_at" timestamp NOT NULL, "updated_at" timestamp NOT NULL)[0m
  ↳ db/migrate/20181027090331_create_questions.rb:3
  [1m[36mActiveRecord::SchemaMigration Create (0.8ms)[0m  [1m[32mINSERT INTO "schema_migrations" ("version") VALUES ($1) RETURNING "version"[0m  [["version", "20181027090331"]]
  ↳ bin/rails:9
  [1m[35m (1.6ms)[0m  [1m[35mCOMMIT[0m
  ↳ bin/rails:9
Migrating to CreateAnswers (20181027092047)
  [1m[35m (40.7ms)[0m  [1m[35mBEGIN[0m
  ↳ bin/rails:9
  [1m[35m (10.7ms)[0m  [1m[35mCREATE TABLE "answers" ("id" bigserial primary key, "body" text, "question_id" bigint, "created_at" timestamp NOT NULL, "updated_at" timestamp NOT NULL)[0m
  ↳ db/migrate/20181027092047_create_answers.rb:3
  [1m[35m (2.6ms)[0m  [1m[35mCREATE  INDEX  "index_answers_on_question_id" ON "answers"  ("question_id")[0m
  ↳ db/migrate/20181027092047_create_answers.rb:3
  [1m[36mActiveRecord::SchemaMigration Create (0.5ms)[0m  [1m[32mINSERT INTO "schema_migrations" ("version") VALUES ($1) RETURNING "version"[0m  [["version", "20181027092047"]]
  ↳ bin/rails:9
  [1m[35m (1.7ms)[0m  [1m[35mCOMMIT[0m
  ↳ bin/rails:9
  [1m[36mActiveRecord::InternalMetadata Load (0.9ms)[0m  [1m[34mSELECT  "ar_internal_metadata".* FROM "ar_internal_metadata" WHERE "ar_internal_metadata"."key" = $1 LIMIT $2[0m  [["key", "environment"], ["LIMIT", 1]]
  ↳ bin/rails:9
  [1m[35m (0.2ms)[0m  [1m[35mBEGIN[0m
  ↳ bin/rails:9
  [1m[35m (0.2ms)[0m  [1m[35mCOMMIT[0m
  ↳ bin/rails:9
  [1m[35m (0.3ms)[0m  [1m[34mSELECT pg_advisory_unlock(892715755267202370)[0m
  ↳ bin/rails:9
  [1m[35m (0.3ms)[0m  [1m[34mSELECT "schema_migrations"."version" FROM "schema_migrations" ORDER BY "schema_migrations"."version" ASC[0m
  ↳ bin/rails:9
